{"date":"2023-03-18T11:55:21.390Z","level":"info","message":"Request received","method":"GET","service":"user-service","url":"/api-docs"}
{"date":"2023-03-18T11:55:21.465Z","level":"info","message":"Request received","method":"GET","service":"user-service","url":"/api-docs/"}
{"date":"2023-03-18T11:55:21.630Z","level":"info","message":"Request received","method":"GET","service":"user-service","url":"/api-docs/swagger-ui.css"}
{"date":"2023-03-18T11:55:21.633Z","level":"info","message":"Request received","method":"GET","service":"user-service","url":"/api-docs/swagger-ui-bundle.js"}
{"date":"2023-03-18T11:55:21.640Z","level":"info","message":"Request received","method":"GET","service":"user-service","url":"/api-docs/swagger-ui-standalone-preset.js"}
{"date":"2023-03-18T11:55:21.644Z","level":"info","message":"Request received","method":"GET","service":"user-service","url":"/api-docs/swagger-ui-init.js"}
{"date":"2023-03-18T11:55:23.331Z","level":"info","message":"Request received","method":"GET","service":"user-service","url":"/api-docs/favicon-32x32.png"}
{"date":"2023-03-18T11:56:28.283Z","level":"info","message":"Request received","method":"GET","service":"user-service","url":"/api-docs/"}
{"date":"2023-03-18T11:56:28.376Z","level":"info","message":"Request received","method":"GET","service":"user-service","url":"/api-docs/swagger-ui.css"}
{"date":"2023-03-18T11:56:28.382Z","level":"info","message":"Request received","method":"GET","service":"user-service","url":"/api-docs/swagger-ui-bundle.js"}
{"date":"2023-03-18T11:56:28.386Z","level":"info","message":"Request received","method":"GET","service":"user-service","url":"/api-docs/swagger-ui-init.js"}
{"date":"2023-03-18T11:56:28.398Z","level":"info","message":"Request received","method":"GET","service":"user-service","url":"/api-docs/swagger-ui-standalone-preset.js"}
{"date":"2023-03-18T11:56:28.964Z","level":"info","message":"Request received","method":"GET","service":"user-service","url":"/api-docs/favicon-32x32.png"}
{"date":"2023-03-18T12:02:10.800Z","level":"info","message":"Request received","method":"GET","service":"user-service","url":"/api-docs/"}
{"date":"2023-03-18T12:02:10.885Z","level":"info","message":"Request received","method":"GET","service":"user-service","url":"/api-docs/swagger-ui.css"}
{"date":"2023-03-18T12:02:10.889Z","level":"info","message":"Request received","method":"GET","service":"user-service","url":"/api-docs/swagger-ui-bundle.js"}
{"date":"2023-03-18T12:02:10.903Z","level":"info","message":"Request received","method":"GET","service":"user-service","url":"/api-docs/swagger-ui-standalone-preset.js"}
{"date":"2023-03-18T12:02:10.906Z","level":"info","message":"Request received","method":"GET","service":"user-service","url":"/api-docs/swagger-ui-init.js"}
{"date":"2023-03-18T12:02:11.324Z","level":"info","message":"Request received","method":"GET","service":"user-service","url":"/api-docs/favicon-32x32.png"}
{"date":"2023-03-18T12:04:34.661Z","level":"info","message":"Request received","method":"GET","service":"user-service","url":"/api-docs/"}
{"date":"2023-03-18T12:04:34.744Z","level":"info","message":"Request received","method":"GET","service":"user-service","url":"/api-docs/swagger-ui.css"}
{"date":"2023-03-18T12:04:34.759Z","level":"info","message":"Request received","method":"GET","service":"user-service","url":"/api-docs/swagger-ui-bundle.js"}
{"date":"2023-03-18T12:04:34.770Z","level":"info","message":"Request received","method":"GET","service":"user-service","url":"/api-docs/swagger-ui-standalone-preset.js"}
{"date":"2023-03-18T12:04:34.773Z","level":"info","message":"Request received","method":"GET","service":"user-service","url":"/api-docs/swagger-ui-init.js"}
{"date":"2023-03-18T12:04:35.172Z","level":"info","message":"Request received","method":"GET","service":"user-service","url":"/api-docs/favicon-32x32.png"}
{"date":"2023-03-18T12:04:48.524Z","level":"info","message":"Request received","method":"GET","service":"user-service","url":"/api-docs/"}
{"date":"2023-03-18T12:04:48.581Z","level":"info","message":"Request received","method":"GET","service":"user-service","url":"/api-docs/swagger-ui.css"}
{"date":"2023-03-18T12:04:48.591Z","level":"info","message":"Request received","method":"GET","service":"user-service","url":"/api-docs/swagger-ui-bundle.js"}
{"date":"2023-03-18T12:04:48.604Z","level":"info","message":"Request received","method":"GET","service":"user-service","url":"/api-docs/swagger-ui-standalone-preset.js"}
{"date":"2023-03-18T12:04:48.609Z","level":"info","message":"Request received","method":"GET","service":"user-service","url":"/api-docs/swagger-ui-init.js"}
{"date":"2023-03-18T12:04:49.064Z","level":"info","message":"Request received","method":"GET","service":"user-service","url":"/api-docs/favicon-32x32.png"}
{"date":"2023-03-18T12:05:49.706Z","level":"info","message":"Request received","method":"GET","service":"user-service","url":"/api-docs/"}
{"date":"2023-03-18T12:05:49.785Z","level":"info","message":"Request received","method":"GET","service":"user-service","url":"/api-docs/swagger-ui.css"}
{"date":"2023-03-18T12:05:49.802Z","level":"info","message":"Request received","method":"GET","service":"user-service","url":"/api-docs/swagger-ui-bundle.js"}
{"date":"2023-03-18T12:05:49.816Z","level":"info","message":"Request received","method":"GET","service":"user-service","url":"/api-docs/swagger-ui-standalone-preset.js"}
{"date":"2023-03-18T12:05:49.825Z","level":"info","message":"Request received","method":"GET","service":"user-service","url":"/api-docs/swagger-ui-init.js"}
{"date":"2023-03-18T12:05:50.213Z","level":"info","message":"Request received","method":"GET","service":"user-service","url":"/api-docs/favicon-32x32.png"}
{"date":"2023-03-18T12:07:05.429Z","level":"info","message":"Request received","method":"GET","service":"user-service","url":"/api-docs/"}
{"date":"2023-03-18T12:07:05.494Z","level":"info","message":"Request received","method":"GET","service":"user-service","url":"/api-docs/swagger-ui.css"}
{"date":"2023-03-18T12:07:05.501Z","level":"info","message":"Request received","method":"GET","service":"user-service","url":"/api-docs/swagger-ui-bundle.js"}
{"date":"2023-03-18T12:07:05.514Z","level":"info","message":"Request received","method":"GET","service":"user-service","url":"/api-docs/swagger-ui-standalone-preset.js"}
{"date":"2023-03-18T12:07:05.520Z","level":"info","message":"Request received","method":"GET","service":"user-service","url":"/api-docs/swagger-ui-init.js"}
{"date":"2023-03-18T12:07:05.974Z","level":"info","message":"Request received","method":"GET","service":"user-service","url":"/api-docs/favicon-32x32.png"}
{"date":"2023-03-18T12:09:27.137Z","level":"info","message":"Request received","method":"GET","service":"user-service","url":"/api-docs/"}
{"date":"2023-03-18T12:09:27.200Z","level":"info","message":"Request received","method":"GET","service":"user-service","url":"/api-docs/swagger-ui.css"}
{"date":"2023-03-18T12:09:27.204Z","level":"info","message":"Request received","method":"GET","service":"user-service","url":"/api-docs/swagger-ui-bundle.js"}
{"date":"2023-03-18T12:09:27.213Z","level":"info","message":"Request received","method":"GET","service":"user-service","url":"/api-docs/swagger-ui-standalone-preset.js"}
{"date":"2023-03-18T12:09:27.231Z","level":"info","message":"Request received","method":"GET","service":"user-service","url":"/api-docs/swagger-ui-init.js"}
{"date":"2023-03-18T12:09:27.598Z","level":"info","message":"Request received","method":"GET","service":"user-service","url":"/api-docs/favicon-32x32.png"}
{"date":"2023-03-18T12:10:43.626Z","level":"info","message":"Request received","method":"GET","service":"user-service","url":"/api-docs/"}
{"date":"2023-03-18T12:10:43.728Z","level":"info","message":"Request received","method":"GET","service":"user-service","url":"/api-docs/swagger-ui.css"}
{"date":"2023-03-18T12:10:43.735Z","level":"info","message":"Request received","method":"GET","service":"user-service","url":"/api-docs/swagger-ui-bundle.js"}
{"date":"2023-03-18T12:10:43.741Z","level":"info","message":"Request received","method":"GET","service":"user-service","url":"/api-docs/swagger-ui-standalone-preset.js"}
{"date":"2023-03-18T12:10:43.755Z","level":"info","message":"Request received","method":"GET","service":"user-service","url":"/api-docs/swagger-ui-init.js"}
{"date":"2023-03-18T12:10:44.968Z","level":"info","message":"Request received","method":"GET","service":"user-service","url":"/api-docs/favicon-32x32.png"}
{"date":"2023-03-18T12:11:20.372Z","level":"info","message":"Request received","method":"GET","service":"user-service","url":"/api-docs/"}
{"date":"2023-03-18T12:11:20.452Z","level":"info","message":"Request received","method":"GET","service":"user-service","url":"/api-docs/swagger-ui.css"}
{"date":"2023-03-18T12:11:20.471Z","level":"info","message":"Request received","method":"GET","service":"user-service","url":"/api-docs/swagger-ui-bundle.js"}
{"date":"2023-03-18T12:11:20.475Z","level":"info","message":"Request received","method":"GET","service":"user-service","url":"/api-docs/swagger-ui-init.js"}
{"date":"2023-03-18T12:11:20.480Z","level":"info","message":"Request received","method":"GET","service":"user-service","url":"/api-docs/swagger-ui-standalone-preset.js"}
{"date":"2023-03-18T12:11:21.001Z","level":"info","message":"Request received","method":"GET","service":"user-service","url":"/api-docs/favicon-32x32.png"}
{"date":"2023-03-18T12:12:15.984Z","level":"info","message":"Request received","method":"GET","service":"user-service","url":"/api-docs/"}
{"date":"2023-03-18T12:12:16.073Z","level":"info","message":"Request received","method":"GET","service":"user-service","url":"/api-docs/swagger-ui.css"}
{"date":"2023-03-18T12:12:16.085Z","level":"info","message":"Request received","method":"GET","service":"user-service","url":"/api-docs/swagger-ui-standalone-preset.js"}
{"date":"2023-03-18T12:12:16.101Z","level":"info","message":"Request received","method":"GET","service":"user-service","url":"/api-docs/swagger-ui-bundle.js"}
{"date":"2023-03-18T12:12:16.104Z","level":"info","message":"Request received","method":"GET","service":"user-service","url":"/api-docs/swagger-ui-init.js"}
{"date":"2023-03-18T12:12:16.472Z","level":"info","message":"Request received","method":"GET","service":"user-service","url":"/api-docs/favicon-32x32.png"}
{"date":"2023-03-18T12:13:28.892Z","level":"info","message":"Request received","method":"GET","service":"user-service","url":"/api-docs/favicon-32x32.png"}
{"date":"2023-03-18T12:13:28.921Z","level":"info","message":"Request received","method":"GET","service":"user-service","url":"/api-docs/"}
{"date":"2023-03-18T12:13:29.107Z","level":"info","message":"Request received","method":"GET","service":"user-service","url":"/api-docs/swagger-ui.css"}
{"date":"2023-03-18T12:13:29.117Z","level":"info","message":"Request received","method":"GET","service":"user-service","url":"/api-docs/swagger-ui-bundle.js"}
{"date":"2023-03-18T12:13:29.121Z","level":"info","message":"Request received","method":"GET","service":"user-service","url":"/api-docs/swagger-ui-standalone-preset.js"}
{"date":"2023-03-18T12:13:29.123Z","level":"info","message":"Request received","method":"GET","service":"user-service","url":"/api-docs/swagger-ui-init.js"}
{"date":"2023-03-18T12:13:32.976Z","level":"info","message":"Request received","method":"GET","service":"user-service","url":"/api-docs/"}
{"date":"2023-03-18T12:13:33.029Z","level":"info","message":"Request received","method":"GET","service":"user-service","url":"/api-docs/swagger-ui.css"}
{"date":"2023-03-18T12:13:33.040Z","level":"info","message":"Request received","method":"GET","service":"user-service","url":"/api-docs/swagger-ui-bundle.js"}
{"date":"2023-03-18T12:13:33.049Z","level":"info","message":"Request received","method":"GET","service":"user-service","url":"/api-docs/swagger-ui-standalone-preset.js"}
{"date":"2023-03-18T12:13:33.056Z","level":"info","message":"Request received","method":"GET","service":"user-service","url":"/api-docs/swagger-ui-init.js"}
{"date":"2023-03-18T12:13:33.422Z","level":"info","message":"Request received","method":"GET","service":"user-service","url":"/api-docs/favicon-32x32.png"}
{"date":"2023-03-18T12:13:56.838Z","level":"info","message":"Request received","method":"GET","service":"user-service","url":"/api-docs/"}
{"date":"2023-03-18T12:13:56.912Z","level":"info","message":"Request received","method":"GET","service":"user-service","url":"/api-docs/swagger-ui.css"}
{"date":"2023-03-18T12:13:56.930Z","level":"info","message":"Request received","method":"GET","service":"user-service","url":"/api-docs/swagger-ui-bundle.js"}
{"date":"2023-03-18T12:13:56.937Z","level":"info","message":"Request received","method":"GET","service":"user-service","url":"/api-docs/swagger-ui-init.js"}
{"date":"2023-03-18T12:13:56.942Z","level":"info","message":"Request received","method":"GET","service":"user-service","url":"/api-docs/swagger-ui-standalone-preset.js"}
{"date":"2023-03-18T12:13:57.288Z","level":"info","message":"Request received","method":"GET","service":"user-service","url":"/api-docs/favicon-32x32.png"}
{"date":"2023-03-18T12:14:06.576Z","level":"info","message":"Request received","method":"GET","service":"user-service","url":"/api-docs/"}
{"date":"2023-03-18T12:14:06.625Z","level":"info","message":"Request received","method":"GET","service":"user-service","url":"/api-docs/swagger-ui.css"}
{"date":"2023-03-18T12:14:06.631Z","level":"info","message":"Request received","method":"GET","service":"user-service","url":"/api-docs/swagger-ui-bundle.js"}
{"date":"2023-03-18T12:14:06.646Z","level":"info","message":"Request received","method":"GET","service":"user-service","url":"/api-docs/swagger-ui-standalone-preset.js"}
{"date":"2023-03-18T12:14:06.657Z","level":"info","message":"Request received","method":"GET","service":"user-service","url":"/api-docs/swagger-ui-init.js"}
{"date":"2023-03-18T12:14:06.947Z","level":"info","message":"Request received","method":"GET","service":"user-service","url":"/api-docs/favicon-32x32.png"}
{"date":"2023-03-18T12:14:40.464Z","level":"info","message":"Request received","method":"GET","service":"user-service","url":"/api-docs/"}
{"date":"2023-03-18T12:14:40.572Z","level":"info","message":"Request received","method":"GET","service":"user-service","url":"/api-docs/swagger-ui.css"}
{"date":"2023-03-18T12:14:40.578Z","level":"info","message":"Request received","method":"GET","service":"user-service","url":"/api-docs/swagger-ui-bundle.js"}
{"date":"2023-03-18T12:14:40.586Z","level":"info","message":"Request received","method":"GET","service":"user-service","url":"/api-docs/swagger-ui-standalone-preset.js"}
{"date":"2023-03-18T12:14:40.609Z","level":"info","message":"Request received","method":"GET","service":"user-service","url":"/api-docs/swagger-ui-init.js"}
{"date":"2023-03-18T12:14:41.266Z","level":"info","message":"Request received","method":"GET","service":"user-service","url":"/api-docs/favicon-32x32.png"}
{"date":"2023-03-18T12:29:00.797Z","level":"info","message":"Request received","method":"GET","service":"user-service","url":"/"}
{"date":"2023-03-18T12:30:38.116Z","level":"info","message":"Request received","method":"GET","service":"user-service","url":"/"}
{"date":"2023-03-18T12:38:23.451Z","level":"info","message":"Request received","method":"GET","service":"user-service","url":"/api-docs/"}
{"date":"2024-08-23T10:00:33.554Z","level":"info","message":"Request received","method":"POST","service":"user-service","url":"/auth/register"}
{"date":"2024-08-23T10:00:33.567Z","level":"error","message":"\"name\" is required","method":"POST","service":"user-service","url":"/register"}
{"date":"2024-08-23T10:00:58.838Z","level":"info","message":"Request received","method":"POST","service":"user-service","url":"/auth/register"}
{"date":"2024-08-23T10:00:58.841Z","level":"error","message":"\"email\" is required","method":"POST","service":"user-service","url":"/register"}
{"date":"2024-08-23T10:01:14.867Z","level":"info","message":"Request received","method":"POST","service":"user-service","url":"/auth/register"}
{"date":"2024-08-23T10:01:14.868Z","level":"error","message":"\"email\" is required","method":"POST","service":"user-service","url":"/register"}
{"date":"2024-08-23T10:01:17.337Z","level":"info","message":"Request received","method":"POST","service":"user-service","url":"/auth/register"}
{"date":"2024-08-23T10:01:17.339Z","level":"error","message":"\"email\" is required","method":"POST","service":"user-service","url":"/register"}
{"date":"2024-08-23T10:05:09.167Z","level":"info","message":"Request received","method":"POST","service":"user-service","url":"/auth/register"}
{"date":"2024-08-23T10:05:09.176Z","level":"error","message":"\"email\" is required","method":"POST","service":"user-service","url":"/register"}
{"date":"2024-08-23T10:05:10.854Z","level":"info","message":"Request received","method":"POST","service":"user-service","url":"/auth/register"}
{"date":"2024-08-23T10:05:10.856Z","level":"error","message":"\"email\" is required","method":"POST","service":"user-service","url":"/register"}
{"date":"2024-08-23T10:05:12.009Z","level":"info","message":"Request received","method":"POST","service":"user-service","url":"/auth/register"}
{"date":"2024-08-23T10:05:12.012Z","level":"error","message":"\"email\" is required","method":"POST","service":"user-service","url":"/register"}
{"date":"2024-08-23T10:05:12.871Z","level":"info","message":"Request received","method":"POST","service":"user-service","url":"/auth/register"}
{"date":"2024-08-23T10:05:12.873Z","level":"error","message":"\"email\" is required","method":"POST","service":"user-service","url":"/register"}
{"date":"2024-08-23T10:05:13.726Z","level":"info","message":"Request received","method":"POST","service":"user-service","url":"/auth/register"}
{"date":"2024-08-23T10:05:13.728Z","level":"error","message":"\"email\" is required","method":"POST","service":"user-service","url":"/register"}
{"date":"2024-08-23T10:05:14.640Z","level":"info","message":"Request received","method":"POST","service":"user-service","url":"/auth/register"}
{"date":"2024-08-23T10:05:14.641Z","level":"error","message":"\"email\" is required","method":"POST","service":"user-service","url":"/register"}
{"date":"2024-08-23T10:05:15.587Z","level":"info","message":"Request received","method":"POST","service":"user-service","url":"/auth/register"}
{"date":"2024-08-23T10:05:15.589Z","level":"error","message":"\"email\" is required","method":"POST","service":"user-service","url":"/register"}
{"date":"2024-08-23T10:05:16.390Z","level":"info","message":"Request received","method":"POST","service":"user-service","url":"/auth/register"}
{"date":"2024-08-23T10:05:16.392Z","level":"error","message":"\"email\" is required","method":"POST","service":"user-service","url":"/register"}
{"date":"2024-08-23T10:06:23.450Z","level":"info","message":"Request received","method":"POST","service":"user-service","url":"/auth/register"}
{"date":"2024-08-23T10:06:23.459Z","level":"error","message":"\"email\" is required","method":"POST","service":"user-service","url":"/register"}
{"date":"2024-08-23T10:06:26.555Z","level":"info","message":"Request received","method":"POST","service":"user-service","url":"/auth/register"}
{"date":"2024-08-23T10:06:26.558Z","level":"error","message":"\"email\" is required","method":"POST","service":"user-service","url":"/register"}
{"date":"2024-08-23T10:06:36.590Z","level":"info","message":"Request received","method":"POST","service":"user-service","url":"/auth/register"}
{"date":"2024-08-23T10:06:36.592Z","level":"error","message":"\"email\" is required","method":"POST","service":"user-service","url":"/register"}
{"date":"2024-08-23T10:06:40.530Z","level":"info","message":"Request received","method":"POST","service":"user-service","url":"/auth/register"}
{"date":"2024-08-23T10:06:40.532Z","level":"error","message":"\"email\" is required","method":"POST","service":"user-service","url":"/register"}
{"date":"2024-08-23T10:06:42.986Z","level":"info","message":"Request received","method":"POST","service":"user-service","url":"/auth/register"}
{"date":"2024-08-23T10:06:42.988Z","level":"error","message":"\"email\" is required","method":"POST","service":"user-service","url":"/register"}
{"date":"2024-08-23T10:06:53.455Z","level":"info","message":"Request received","method":"POST","service":"user-service","url":"/auth/register"}
{"date":"2024-08-23T10:06:53.459Z","level":"error","message":"Please enter a valid email address.","method":"POST","service":"user-service","url":"/register"}
{"date":"2024-08-23T10:07:11.774Z","level":"info","message":"Request received","method":"POST","service":"user-service","url":"/auth/register"}
{"date":"2024-08-23T10:07:11.795Z","level":"error","message":"\"email\" must be a valid email","method":"POST","service":"user-service","url":"/register"}
{"date":"2024-08-23T10:07:13.934Z","level":"info","message":"Request received","method":"POST","service":"user-service","url":"/auth/register"}
{"date":"2024-08-23T10:07:13.937Z","level":"error","message":"\"email\" must be a valid email","method":"POST","service":"user-service","url":"/register"}
{"date":"2024-08-23T10:07:15.244Z","level":"info","message":"Request received","method":"POST","service":"user-service","url":"/auth/register"}
{"date":"2024-08-23T10:07:15.246Z","level":"error","message":"\"email\" must be a valid email","method":"POST","service":"user-service","url":"/register"}
{"date":"2024-08-23T10:07:16.333Z","level":"info","message":"Request received","method":"POST","service":"user-service","url":"/auth/register"}
{"date":"2024-08-23T10:07:16.335Z","level":"error","message":"\"email\" must be a valid email","method":"POST","service":"user-service","url":"/register"}
{"date":"2024-08-23T10:07:26.654Z","level":"info","message":"Request received","method":"POST","service":"user-service","url":"/auth/register"}
{"date":"2024-08-23T10:07:26.666Z","level":"error","message":"\"email\" must be a valid email","method":"POST","service":"user-service","url":"/register"}
{"date":"2024-08-23T10:07:38.610Z","level":"info","message":"Request received","method":"POST","service":"user-service","url":"/auth/register"}
{"date":"2024-08-23T10:07:38.614Z","level":"error","message":"\"password\" is required","method":"POST","service":"user-service","url":"/register"}
{"date":"2024-08-23T10:07:44.004Z","level":"info","message":"Request received","method":"POST","service":"user-service","url":"/auth/register"}
{"date":"2024-08-23T10:07:44.006Z","level":"error","message":"\"password\" is required","method":"POST","service":"user-service","url":"/register"}
{"date":"2024-08-23T10:08:45.975Z","level":"info","message":"Request received","method":"POST","service":"user-service","url":"/auth/register"}
{"date":"2024-08-23T10:08:45.987Z","level":"error","message":"\"password\" with value \"umer\" fails to match the required pattern: /^(?=.*[a-z])(?=.*[A-Z])(?=.*[0-9])(?=.*[@#$%^&+!=]).{8,}$/","method":"POST","service":"user-service","url":"/register"}
{"date":"2024-08-23T10:09:26.954Z","level":"info","message":"Request received","method":"POST","service":"user-service","url":"/auth/register"}
{"date":"2024-08-23T10:09:26.966Z","level":"error","message":"Password must contain at least one lowercase letter, one uppercase letter, one digit, and one special character, and be at least 8 characters long.","method":"POST","service":"user-service","url":"/register"}
{"date":"2024-08-23T10:09:33.178Z","level":"info","message":"Request received","method":"POST","service":"user-service","url":"/auth/register"}
{"date":"2024-08-23T10:09:33.182Z","level":"error","message":"Password must contain at least one lowercase letter, one uppercase letter, one digit, and one special character, and be at least 8 characters long.","method":"POST","service":"user-service","url":"/register"}
{"date":"2024-08-23T10:09:36.402Z","level":"info","message":"Request received","method":"POST","service":"user-service","url":"/auth/register"}
{"date":"2024-08-23T10:09:36.404Z","level":"error","message":"Password must contain at least one lowercase letter, one uppercase letter, one digit, and one special character, and be at least 8 characters long.","method":"POST","service":"user-service","url":"/register"}
{"date":"2024-08-23T10:09:44.522Z","level":"info","message":"Request received","method":"POST","service":"user-service","url":"/auth/register"}
{"date":"2024-08-23T10:09:54.536Z","level":"error","message":"Operation `users.findOne()` buffering timed out after 10000ms","method":"POST","service":"user-service","url":"/register"}
{"date":"2024-08-23T10:10:39.142Z","level":"info","message":"Request received","method":"POST","service":"user-service","url":"/auth/register"}
{"date":"2024-08-23T10:10:39.158Z","level":"error","message":"Success","method":"POST","service":"user-service","url":"/register"}
{"date":"2024-08-23T10:15:59.951Z","level":"info","message":"Request received","method":"POST","service":"user-service","url":"/auth/register"}
{"date":"2024-08-23T10:15:59.962Z","level":"error","message":"\"name\" is not allowed","method":"POST","service":"user-service","url":"/register"}
{"date":"2024-08-23T10:16:44.319Z","level":"info","message":"Request received","method":"POST","service":"user-service","url":"/auth/register"}
{"date":"2024-08-23T10:16:44.331Z","level":"error","message":"Success","method":"POST","service":"user-service","url":"/register"}
{"date":"2024-08-23T10:16:46.506Z","level":"info","message":"Request received","method":"POST","service":"user-service","url":"/auth/register"}
{"date":"2024-08-23T10:16:46.508Z","level":"error","message":"Success","method":"POST","service":"user-service","url":"/register"}
{"date":"2024-08-23T10:18:08.927Z","level":"info","message":"Request received","method":"POST","service":"user-service","url":"/auth/register"}
{"date":"2024-08-23T10:18:08.938Z","level":"error","message":"\"query\" is required","method":"POST","service":"user-service","url":"/register"}
{"date":"2024-08-23T10:18:11.067Z","level":"info","message":"Request received","method":"POST","service":"user-service","url":"/auth/register"}
{"date":"2024-08-23T10:18:11.071Z","level":"error","message":"\"query\" is required","method":"POST","service":"user-service","url":"/register"}
{"date":"2024-08-23T10:18:12.497Z","level":"info","message":"Request received","method":"POST","service":"user-service","url":"/auth/register"}
{"date":"2024-08-23T10:18:12.498Z","level":"error","message":"\"query\" is required","method":"POST","service":"user-service","url":"/register"}
{"date":"2024-08-23T10:18:49.032Z","level":"info","message":"Request received","method":"POST","service":"user-service","url":"/auth/register"}
{"date":"2024-08-23T10:18:49.044Z","level":"error","message":"\"query.action\" is required","method":"POST","service":"user-service","url":"/register"}
{"date":"2024-08-23T10:18:51.155Z","level":"info","message":"Request received","method":"POST","service":"user-service","url":"/auth/register"}
{"date":"2024-08-23T10:18:51.159Z","level":"error","message":"\"query.action\" is required","method":"POST","service":"user-service","url":"/register"}
{"date":"2024-08-23T10:18:52.440Z","level":"info","message":"Request received","method":"POST","service":"user-service","url":"/auth/register"}
{"date":"2024-08-23T10:18:52.442Z","level":"error","message":"\"query.action\" is required","method":"POST","service":"user-service","url":"/register"}
{"date":"2024-08-23T10:18:53.523Z","level":"info","message":"Request received","method":"POST","service":"user-service","url":"/auth/register"}
{"date":"2024-08-23T10:18:53.526Z","level":"error","message":"\"query.action\" is required","method":"POST","service":"user-service","url":"/register"}
{"date":"2024-08-23T10:19:01.949Z","level":"info","message":"Request received","method":"POST","service":"user-service","url":"/auth/register?action=beta"}
{"date":"2024-08-23T10:19:01.952Z","level":"error","message":"\"query.action\" must be one of [accept, reject]","method":"POST","service":"user-service","url":"/register?action=beta"}
{"date":"2024-08-23T10:19:04.814Z","level":"info","message":"Request received","method":"POST","service":"user-service","url":"/auth/register?action=beta"}
{"date":"2024-08-23T10:19:04.816Z","level":"error","message":"\"query.action\" must be one of [accept, reject]","method":"POST","service":"user-service","url":"/register?action=beta"}
{"date":"2024-08-23T10:19:09.496Z","level":"info","message":"Request received","method":"POST","service":"user-service","url":"/auth/register?action=accepted"}
{"date":"2024-08-23T10:19:09.498Z","level":"error","message":"\"query.action\" must be one of [accept, reject]","method":"POST","service":"user-service","url":"/register?action=accepted"}
{"date":"2024-08-23T10:19:12.291Z","level":"info","message":"Request received","method":"POST","service":"user-service","url":"/auth/register?action=accept"}
{"date":"2024-08-23T10:19:12.293Z","level":"error","message":"Success","method":"POST","service":"user-service","url":"/register?action=accept"}
